<?xml version="1.0" encoding="UTF-8"?>
<coverage generated="1624372906">
  <project timestamp="1624372906">
    <file name="/srv/api/src/Controller/UserController.php">
      <class name="App\Controller\UserController" namespace="global">
        <metrics complexity="2" methods="2" coveredmethods="0" conditionals="0" coveredconditionals="0" statements="2" coveredstatements="0" elements="4" coveredelements="0"/>
      </class>
      <line num="24" type="method" name="login" visibility="public" complexity="1" crap="2" count="0"/>
      <line num="26" type="stmt" count="0"/>
      <line num="33" type="method" name="logout" visibility="public" complexity="1" crap="2" count="0"/>
      <line num="35" type="stmt" count="0"/>
      <metrics loc="37" ncloc="25" classes="1" methods="2" coveredmethods="0" conditionals="0" coveredconditionals="0" statements="2" coveredstatements="0" elements="4" coveredelements="0"/>
    </file>
    <file name="/srv/api/src/DataFixtures/AppFixtures.php">
      <class name="App\DataFixtures\AppFixtures" namespace="global">
        <metrics complexity="3" methods="2" coveredmethods="0" conditionals="0" coveredconditionals="0" statements="7" coveredstatements="0" elements="9" coveredelements="0"/>
      </class>
      <line num="15" type="method" name="__construct" visibility="public" complexity="1" crap="2" count="0"/>
      <line num="17" type="stmt" count="0"/>
      <line num="18" type="stmt" count="0"/>
      <line num="19" type="stmt" count="0"/>
      <line num="21" type="method" name="load" visibility="public" complexity="2" crap="6" count="0"/>
      <line num="24" type="stmt" count="0"/>
      <line num="25" type="stmt" count="0"/>
      <line num="28" type="stmt" count="0"/>
      <line num="29" type="stmt" count="0"/>
      <metrics loc="30" ncloc="29" classes="1" methods="2" coveredmethods="0" conditionals="0" coveredconditionals="0" statements="7" coveredstatements="0" elements="9" coveredelements="0"/>
    </file>
    <file name="/srv/api/src/Entity/Memo.php">
      <class name="App\Entity\Memo" namespace="global">
        <metrics complexity="13" methods="13" coveredmethods="0" conditionals="0" coveredconditionals="0" statements="19" coveredstatements="0" elements="32" coveredelements="0"/>
      </class>
      <line num="122" type="method" name="getId" visibility="public" complexity="1" crap="2" count="0"/>
      <line num="124" type="stmt" count="0"/>
      <line num="127" type="method" name="getAuthor" visibility="public" complexity="1" crap="2" count="0"/>
      <line num="129" type="stmt" count="0"/>
      <line num="132" type="method" name="setAuthor" visibility="public" complexity="1" crap="2" count="0"/>
      <line num="134" type="stmt" count="0"/>
      <line num="136" type="stmt" count="0"/>
      <line num="139" type="method" name="getName" visibility="public" complexity="1" crap="2" count="0"/>
      <line num="141" type="stmt" count="0"/>
      <line num="144" type="method" name="setName" visibility="public" complexity="1" crap="2" count="0"/>
      <line num="146" type="stmt" count="0"/>
      <line num="148" type="stmt" count="0"/>
      <line num="151" type="method" name="getTopic" visibility="public" complexity="1" crap="2" count="0"/>
      <line num="153" type="stmt" count="0"/>
      <line num="156" type="method" name="setTopic" visibility="public" complexity="1" crap="2" count="0"/>
      <line num="158" type="stmt" count="0"/>
      <line num="160" type="stmt" count="0"/>
      <line num="163" type="method" name="getDescription" visibility="public" complexity="1" crap="2" count="0"/>
      <line num="165" type="stmt" count="0"/>
      <line num="168" type="method" name="setDescription" visibility="public" complexity="1" crap="2" count="0"/>
      <line num="170" type="stmt" count="0"/>
      <line num="172" type="stmt" count="0"/>
      <line num="175" type="method" name="getDateCreated" visibility="public" complexity="1" crap="2" count="0"/>
      <line num="177" type="stmt" count="0"/>
      <line num="180" type="method" name="setDateCreated" visibility="public" complexity="1" crap="2" count="0"/>
      <line num="182" type="stmt" count="0"/>
      <line num="184" type="stmt" count="0"/>
      <line num="187" type="method" name="getDateModified" visibility="public" complexity="1" crap="2" count="0"/>
      <line num="189" type="stmt" count="0"/>
      <line num="192" type="method" name="setDateModified" visibility="public" complexity="1" crap="2" count="0"/>
      <line num="194" type="stmt" count="0"/>
      <line num="196" type="stmt" count="0"/>
      <metrics loc="198" ncloc="110" classes="1" methods="13" coveredmethods="0" conditionals="0" coveredconditionals="0" statements="19" coveredstatements="0" elements="32" coveredelements="0"/>
    </file>
    <file name="/srv/api/src/Kernel.php">
      <class name="App\Kernel" namespace="global">
        <metrics complexity="6" methods="4" coveredmethods="0" conditionals="0" coveredconditionals="0" statements="20" coveredstatements="0" elements="24" coveredelements="0"/>
      </class>
      <line num="18" type="method" name="registerBundles" visibility="public" complexity="3" crap="12" count="0"/>
      <line num="20" type="stmt" count="0"/>
      <line num="21" type="stmt" count="0"/>
      <line num="22" type="stmt" count="0"/>
      <line num="23" type="stmt" count="0"/>
      <line num="26" type="stmt" count="0"/>
      <line num="28" type="method" name="getProjectDir" visibility="public" complexity="1" crap="2" count="0"/>
      <line num="30" type="stmt" count="0"/>
      <line num="33" type="method" name="configureContainer" visibility="protected" complexity="1" crap="2" count="0"/>
      <line num="35" type="stmt" count="0"/>
      <line num="36" type="stmt" count="0"/>
      <line num="37" type="stmt" count="0"/>
      <line num="39" type="stmt" count="0"/>
      <line num="40" type="stmt" count="0"/>
      <line num="41" type="stmt" count="0"/>
      <line num="42" type="stmt" count="0"/>
      <line num="43" type="stmt" count="0"/>
      <line num="45" type="method" name="configureRoutes" visibility="protected" complexity="1" crap="2" count="0"/>
      <line num="47" type="stmt" count="0"/>
      <line num="49" type="stmt" count="0"/>
      <line num="50" type="stmt" count="0"/>
      <line num="51" type="stmt" count="0"/>
      <line num="52" type="stmt" count="0"/>
      <metrics loc="53" ncloc="53" classes="1" methods="4" coveredmethods="0" conditionals="0" coveredconditionals="0" statements="20" coveredstatements="0" elements="24" coveredelements="0"/>
    </file>
    <file name="/srv/api/src/Repository/MemoRepository.php">
      <class name="App\Repository\MemoRepository" namespace="global">
        <metrics complexity="1" methods="1" coveredmethods="0" conditionals="0" coveredconditionals="0" statements="2" coveredstatements="0" elements="3" coveredelements="0"/>
      </class>
      <line num="17" type="method" name="__construct" visibility="public" complexity="1" crap="2" count="0"/>
      <line num="19" type="stmt" count="0"/>
      <line num="20" type="stmt" count="0"/>
      <metrics loc="50" ncloc="17" classes="1" methods="1" coveredmethods="0" conditionals="0" coveredconditionals="0" statements="2" coveredstatements="0" elements="3" coveredelements="0"/>
    </file>
    <metrics files="5" loc="368" ncloc="234" classes="5" methods="22" coveredmethods="0" conditionals="0" coveredconditionals="0" statements="50" coveredstatements="0" elements="72" coveredelements="0"/>
  </project>
</coverage>
